# JRE version: OpenJDK Runtime Environment Temurin-21.0.8+9 (21.0.8+9) (build 21.0.8+9-LTS)
# Java VM: OpenJDK 64-Bit Server VM Temurin-21.0.8+9 (21.0.8+9-LTS, mixed mode, sharing, tiered, compressed oops, compressed class ptrs, parallel gc, windows-amd64)
GC Precious Log:
 CardTable entry size: 512
 CPUs: 28 total, 28 available
 Memory: 32602M
 Large Page Support: Disabled
 NUMA Support: Disabled
 Compressed Oops: Enabled (32-bit)
 Alignments: Space 512K, Generation 512K, Heap 2M
 Heap Min Capacity: 100M
 Heap Initial Capacity: 100M
 Heap Max Capacity: 2G
 Pre-touch: Disabled
 Parallel Workers: 20
Heap:
 PSYoungGen      total 5120K, used 2023K [0x00000000d5580000, 0x00000000d5d80000, 0x0000000100000000)
  eden space 4096K, 35% used [0x00000000d5580000,0x00000000d56e9dc0,0x00000000d5980000)
  from space 1024K, 56% used [0x00000000d5c80000,0x00000000d5d10000,0x00000000d5d80000)
  to   space 1024K, 0% used [0x00000000d5b80000,0x00000000d5b80000,0x00000000d5c80000)
 ParOldGen       total 204800K, used 204680K [0x0000000080000000, 0x000000008c800000, 0x00000000d5580000)
  object space 204800K, 99% used [0x0000000080000000,0x000000008c7e2318,0x000000008c800000)
 Metaspace       used 70147K, committed 71744K, reserved 1114112K
  class space    used 7054K, committed 7744K, reserved 1048576K
GC Heap History (20 events):
Event: 2917.372 GC heap before
{Heap before GC invocations=162 (full 3):
 PSYoungGen      total 6144K, used 5909K [0x00000000d5580000, 0x00000000d5f00000, 0x0000000100000000)
  eden space 4096K, 100% used [0x00000000d5580000,0x00000000d5980000,0x00000000d5980000)
  from space 2048K, 88% used [0x00000000d5d00000,0x00000000d5ec5508,0x00000000d5f00000)
  to   space 2560K, 0% used [0x00000000d5a00000,0x00000000d5a00000,0x00000000d5c80000)
 ParOldGen       total 194048K, used 193631K [0x0000000080000000, 0x000000008bd80000, 0x00000000d5580000)
  object space 194048K, 99% used [0x0000000080000000,0x000000008bd17de8,0x000000008bd80000)
 Metaspace       used 69898K, committed 71488K, reserved 1114112K
  class space    used 7053K, committed 7744K, reserved 1048576K
}
Event: 2917.373 GC heap after
{Heap after GC invocations=162 (full 3):
 PSYoungGen      total 5632K, used 1142K [0x00000000d5580000, 0x00000000d5d80000, 0x0000000100000000)
  eden space 4096K, 0% used [0x00000000d5580000,0x00000000d5580000,0x00000000d5980000)
  from space 1536K, 74% used [0x00000000d5a00000,0x00000000d5b1da40,0x00000000d5b80000)
  to   space 1536K, 0% used [0x00000000d5c00000,0x00000000d5c00000,0x00000000d5d80000)
 ParOldGen       total 195584K, used 195304K [0x0000000080000000, 0x000000008bf00000, 0x00000000d5580000)
  object space 195584K, 99% used [0x0000000080000000,0x000000008beba170,0x000000008bf00000)
 Metaspace       used 69898K, committed 71488K, reserved 1114112K
  class space    used 7053K, committed 7744K, reserved 1048576K
}
Event: 2917.707 GC heap before
{Heap before GC invocations=163 (full 3):
 PSYoungGen      total 5632K, used 5238K [0x00000000d5580000, 0x00000000d5d80000, 0x0000000100000000)
  eden space 4096K, 100% used [0x00000000d5580000,0x00000000d5980000,0x00000000d5980000)
  from space 1536K, 74% used [0x00000000d5a00000,0x00000000d5b1da40,0x00000000d5b80000)
  to   space 1536K, 0% used [0x00000000d5c00000,0x00000000d5c00000,0x00000000d5d80000)
 ParOldGen       total 195584K, used 195304K [0x0000000080000000, 0x000000008bf00000, 0x00000000d5580000)
  object space 195584K, 99% used [0x0000000080000000,0x000000008beba170,0x000000008bf00000)
 Metaspace       used 69928K, committed 71488K, reserved 1114112K
  class space    used 7053K, committed 7744K, reserved 1048576K
}
Event: 2917.708 GC heap after
{Heap after GC invocations=163 (full 3):
 PSYoungGen      total 5120K, used 758K [0x00000000d5580000, 0x00000000d5d00000, 0x0000000100000000)
  eden space 4096K, 0% used [0x00000000d5580000,0x00000000d5580000,0x00000000d5980000)
  from space 1024K, 74% used [0x00000000d5c00000,0x00000000d5cbdba0,0x00000000d5d00000)
  to   space 1024K, 0% used [0x00000000d5b00000,0x00000000d5b00000,0x00000000d5c00000)
 ParOldGen       total 196608K, used 196126K [0x0000000080000000, 0x000000008c000000, 0x00000000d5580000)
  object space 196608K, 99% used [0x0000000080000000,0x000000008bf87890,0x000000008c000000)
 Metaspace       used 69928K, committed 71488K, reserved 1114112K
  class space    used 7053K, committed 7744K, reserved 1048576K
}
Event: 2917.712 GC heap before
{Heap before GC invocations=164 (full 3):
 PSYoungGen      total 5120K, used 4854K [0x00000000d5580000, 0x00000000d5d00000, 0x0000000100000000)
  eden space 4096K, 100% used [0x00000000d5580000,0x00000000d5980000,0x00000000d5980000)
  from space 1024K, 74% used [0x00000000d5c00000,0x00000000d5cbdba0,0x00000000d5d00000)
  to   space 1024K, 0% used [0x00000000d5b00000,0x00000000d5b00000,0x00000000d5c00000)
 ParOldGen       total 196608K, used 196126K [0x0000000080000000, 0x000000008c000000, 0x00000000d5580000)
  object space 196608K, 99% used [0x0000000080000000,0x000000008bf87890,0x000000008c000000)
 Metaspace       used 69986K, committed 71552K, reserved 1114112K
  class space    used 7053K, committed 7744K, reserved 1048576K
}
Event: 2917.713 GC heap after
{Heap after GC invocations=164 (full 3):
 PSYoungGen      total 5120K, used 1024K [0x00000000d5580000, 0x00000000d5d80000, 0x0000000100000000)
  eden space 4096K, 0% used [0x00000000d5580000,0x00000000d5580000,0x00000000d5980000)
  from space 1024K, 100% used [0x00000000d5b00000,0x00000000d5c00000,0x00000000d5c00000)
  to   space 1536K, 0% used [0x00000000d5c00000,0x00000000d5c00000,0x00000000d5d80000)
 ParOldGen       total 197120K, used 196771K [0x0000000080000000, 0x000000008c080000, 0x00000000d5580000)
  object space 197120K, 99% used [0x0000000080000000,0x000000008c028ec0,0x000000008c080000)
 Metaspace       used 69986K, committed 71552K, reserved 1114112K
  class space    used 7053K, committed 7744K, reserved 1048576K
}
Event: 2917.725 GC heap before
{Heap before GC invocations=165 (full 3):
 PSYoungGen      total 5120K, used 5120K [0x00000000d5580000, 0x00000000d5d80000, 0x0000000100000000)
  eden space 4096K, 100% used [0x00000000d5580000,0x00000000d5980000,0x00000000d5980000)
  from space 1024K, 100% used [0x00000000d5b00000,0x00000000d5c00000,0x00000000d5c00000)
  to   space 1536K, 0% used [0x00000000d5c00000,0x00000000d5c00000,0x00000000d5d80000)
 ParOldGen       total 197120K, used 196771K [0x0000000080000000, 0x000000008c080000, 0x00000000d5580000)
  object space 197120K, 99% used [0x0000000080000000,0x000000008c028ec0,0x000000008c080000)
 Metaspace       used 70057K, committed 71616K, reserved 1114112K
  class space    used 7053K, committed 7744K, reserved 1048576K
}
Event: 2917.726 GC heap after
{Heap after GC invocations=165 (full 3):
 PSYoungGen      total 5632K, used 1254K [0x00000000d5580000, 0x00000000d5d80000, 0x0000000100000000)
  eden space 4096K, 0% used [0x00000000d5580000,0x00000000d5580000,0x00000000d5980000)
  from space 1536K, 81% used [0x00000000d5c00000,0x00000000d5d39a50,0x00000000d5d80000)
  to   space 1536K, 0% used [0x00000000d5a80000,0x00000000d5a80000,0x00000000d5c00000)
 ParOldGen       total 198144K, used 197728K [0x0000000080000000, 0x000000008c180000, 0x00000000d5580000)
  object space 198144K, 99% used [0x0000000080000000,0x000000008c118390,0x000000008c180000)
 Metaspace       used 70057K, committed 71616K, reserved 1114112K
  class space    used 7053K, committed 7744K, reserved 1048576K
}
Event: 2917.731 GC heap before
{Heap before GC invocations=166 (full 3):
 PSYoungGen      total 5632K, used 5350K [0x00000000d5580000, 0x00000000d5d80000, 0x0000000100000000)
  eden space 4096K, 100% used [0x00000000d5580000,0x00000000d5980000,0x00000000d5980000)
  from space 1536K, 81% used [0x00000000d5c00000,0x00000000d5d39a50,0x00000000d5d80000)
  to   space 1536K, 0% used [0x00000000d5a80000,0x00000000d5a80000,0x00000000d5c00000)
 ParOldGen       total 198144K, used 197728K [0x0000000080000000, 0x000000008c180000, 0x00000000d5580000)
  object space 198144K, 99% used [0x0000000080000000,0x000000008c118390,0x000000008c180000)
 Metaspace       used 70059K, committed 71680K, reserved 1114112K
  class space    used 7053K, committed 7744K, reserved 1048576K
}
Event: 2917.732 GC heap after
{Heap after GC invocations=166 (full 3):
 PSYoungGen      total 5632K, used 1280K [0x00000000d5580000, 0x00000000d5c80000, 0x0000000100000000)
  eden space 4096K, 0% used [0x00000000d5580000,0x00000000d5580000,0x00000000d5980000)
  from space 1536K, 83% used [0x00000000d5a80000,0x00000000d5bc0020,0x00000000d5c00000)
  to   space 512K, 0% used [0x00000000d5c00000,0x00000000d5c00000,0x00000000d5c80000)
 ParOldGen       total 199168K, used 198728K [0x0000000080000000, 0x000000008c280000, 0x00000000d5580000)
  object space 199168K, 99% used [0x0000000080000000,0x000000008c2120a0,0x000000008c280000)
 Metaspace       used 70059K, committed 71680K, reserved 1114112K
  class space    used 7053K, committed 7744K, reserved 1048576K
}
Event: 2917.742 GC heap before
{Heap before GC invocations=167 (full 3):
 PSYoungGen      total 5632K, used 5376K [0x00000000d5580000, 0x00000000d5c80000, 0x0000000100000000)
  eden space 4096K, 100% used [0x00000000d5580000,0x00000000d5980000,0x00000000d5980000)
  from space 1536K, 83% used [0x00000000d5a80000,0x00000000d5bc0020,0x00000000d5c00000)
  to   space 512K, 0% used [0x00000000d5c00000,0x00000000d5c00000,0x00000000d5c80000)
 ParOldGen       total 199168K, used 198728K [0x0000000080000000, 0x000000008c280000, 0x00000000d5580000)
  object space 199168K, 99% used [0x0000000080000000,0x000000008c2120a0,0x000000008c280000)
 Metaspace       used 70089K, committed 71680K, reserved 1114112K
  class space    used 7053K, committed 7744K, reserved 1048576K
}
Event: 2917.743 GC heap after
{Heap after GC invocations=167 (full 3):
 PSYoungGen      total 4608K, used 512K [0x00000000d5580000, 0x00000000d5e80000, 0x0000000100000000)
  eden space 4096K, 0% used [0x00000000d5580000,0x00000000d5580000,0x00000000d5980000)
  from space 512K, 100% used [0x00000000d5c00000,0x00000000d5c80000,0x00000000d5c80000)
  to   space 2560K, 0% used [0x00000000d5980000,0x00000000d5980000,0x00000000d5c00000)
 ParOldGen       total 200704K, used 200465K [0x0000000080000000, 0x000000008c400000, 0x00000000d5580000)
  object space 200704K, 99% used [0x0000000080000000,0x000000008c3c4720,0x000000008c400000)
 Metaspace       used 70089K, committed 71680K, reserved 1114112K
  class space    used 7053K, committed 7744K, reserved 1048576K
}
Event: 2917.747 GC heap before
{Heap before GC invocations=168 (full 3):
 PSYoungGen      total 4608K, used 4608K [0x00000000d5580000, 0x00000000d5e80000, 0x0000000100000000)
  eden space 4096K, 100% used [0x00000000d5580000,0x00000000d5980000,0x00000000d5980000)
  from space 512K, 100% used [0x00000000d5c00000,0x00000000d5c80000,0x00000000d5c80000)
  to   space 2560K, 0% used [0x00000000d5980000,0x00000000d5980000,0x00000000d5c00000)
 ParOldGen       total 200704K, used 200465K [0x0000000080000000, 0x000000008c400000, 0x00000000d5580000)
  object space 200704K, 99% used [0x0000000080000000,0x000000008c3c4720,0x000000008c400000)
 Metaspace       used 70090K, committed 71680K, reserved 1114112K
  class space    used 7053K, committed 7744K, reserved 1048576K
}
Event: 2917.748 GC heap after
{Heap after GC invocations=168 (full 3):
 PSYoungGen      total 6656K, used 2537K [0x00000000d5580000, 0x00000000d6080000, 0x0000000100000000)
  eden space 4096K, 0% used [0x00000000d5580000,0x00000000d5580000,0x00000000d5980000)
  from space 2560K, 99% used [0x00000000d5980000,0x00000000d5bfa4b8,0x00000000d5c00000)
  to   space 3584K, 0% used [0x00000000d5d00000,0x00000000d5d00000,0x00000000d6080000)
 ParOldGen       total 201216K, used 201056K [0x0000000080000000, 0x000000008c480000, 0x00000000d5580000)
  object space 201216K, 99% used [0x0000000080000000,0x000000008c458310,0x000000008c480000)
 Metaspace       used 70090K, committed 71680K, reserved 1114112K
  class space    used 7053K, committed 7744K, reserved 1048576K
}
Event: 2917.755 GC heap before
{Heap before GC invocations=169 (full 3):
 PSYoungGen      total 6656K, used 6633K [0x00000000d5580000, 0x00000000d6080000, 0x0000000100000000)
  eden space 4096K, 100% used [0x00000000d5580000,0x00000000d5980000,0x00000000d5980000)
  from space 2560K, 99% used [0x00000000d5980000,0x00000000d5bfa4b8,0x00000000d5c00000)
  to   space 3584K, 0% used [0x00000000d5d00000,0x00000000d5d00000,0x00000000d6080000)
 ParOldGen       total 201216K, used 201056K [0x0000000080000000, 0x000000008c480000, 0x00000000d5580000)
  object space 201216K, 99% used [0x0000000080000000,0x000000008c458310,0x000000008c480000)
 Metaspace       used 70112K, committed 71680K, reserved 1114112K
  class space    used 7053K, committed 7744K, reserved 1048576K
}
Event: 2917.755 GC heap after
{Heap after GC invocations=169 (full 3):
 PSYoungGen      total 5632K, used 1270K [0x00000000d5580000, 0x00000000d5e80000, 0x0000000100000000)
  eden space 4096K, 0% used [0x00000000d5580000,0x00000000d5580000,0x00000000d5980000)
  from space 1536K, 82% used [0x00000000d5d00000,0x00000000d5e3da40,0x00000000d5e80000)
  to   space 2048K, 0% used [0x00000000d5a80000,0x00000000d5a80000,0x00000000d5c80000)
 ParOldGen       total 203776K, used 203516K [0x0000000080000000, 0x000000008c700000, 0x00000000d5580000)
  object space 203776K, 99% used [0x0000000080000000,0x000000008c6bf1e0,0x000000008c700000)
 Metaspace       used 70112K, committed 71680K, reserved 1114112K
  class space    used 7053K, committed 7744K, reserved 1048576K
}
Event: 2948.217 GC heap before
{Heap before GC invocations=170 (full 3):
 PSYoungGen      total 5632K, used 5366K [0x00000000d5580000, 0x00000000d5e80000, 0x0000000100000000)
  eden space 4096K, 100% used [0x00000000d5580000,0x00000000d5980000,0x00000000d5980000)
  from space 1536K, 82% used [0x00000000d5d00000,0x00000000d5e3da40,0x00000000d5e80000)
  to   space 2048K, 0% used [0x00000000d5a80000,0x00000000d5a80000,0x00000000d5c80000)
 ParOldGen       total 203776K, used 203516K [0x0000000080000000, 0x000000008c700000, 0x00000000d5580000)
  object space 203776K, 99% used [0x0000000080000000,0x000000008c6bf1e0,0x000000008c700000)
 Metaspace       used 70137K, committed 71680K, reserved 1114112K
  class space    used 7053K, committed 7744K, reserved 1048576K
}
Event: 2948.218 GC heap after
{Heap after GC invocations=170 (full 3):
 PSYoungGen      total 6144K, used 512K [0x00000000d5580000, 0x00000000d5d80000, 0x0000000100000000)
  eden space 4096K, 0% used [0x00000000d5580000,0x00000000d5580000,0x00000000d5980000)
  from space 2048K, 25% used [0x00000000d5a80000,0x00000000d5b00000,0x00000000d5c80000)
  to   space 1024K, 0% used [0x00000000d5c80000,0x00000000d5c80000,0x00000000d5d80000)
 ParOldGen       total 204800K, used 204544K [0x0000000080000000, 0x000000008c800000, 0x00000000d5580000)
  object space 204800K, 99% used [0x0000000080000000,0x000000008c7c0318,0x000000008c800000)
 Metaspace       used 70137K, committed 71680K, reserved 1114112K
  class space    used 7053K, committed 7744K, reserved 1048576K
}
Event: 2948.277 GC heap before
{Heap before GC invocations=171 (full 3):
 PSYoungGen      total 6144K, used 4608K [0x00000000d5580000, 0x00000000d5d80000, 0x0000000100000000)
  eden space 4096K, 100% used [0x00000000d5580000,0x00000000d5980000,0x00000000d5980000)
  from space 2048K, 25% used [0x00000000d5a80000,0x00000000d5b00000,0x00000000d5c80000)
  to   space 1024K, 0% used [0x00000000d5c80000,0x00000000d5c80000,0x00000000d5d80000)
 ParOldGen       total 204800K, used 204544K [0x0000000080000000, 0x000000008c800000, 0x00000000d5580000)
  object space 204800K, 99% used [0x0000000080000000,0x000000008c7c0318,0x000000008c800000)
 Metaspace       used 70141K, committed 71680K, reserved 1114112K
  class space    used 7053K, committed 7744K, reserved 1048576K
}
Event: 2948.278 GC heap after
{Heap after GC invocations=171 (full 3):
 PSYoungGen      total 5120K, used 576K [0x00000000d5580000, 0x00000000d5d80000, 0x0000000100000000)
  eden space 4096K, 0% used [0x00000000d5580000,0x00000000d5580000,0x00000000d5980000)
  from space 1024K, 56% used [0x00000000d5c80000,0x00000000d5d10000,0x00000000d5d80000)
  to   space 1024K, 0% used [0x00000000d5b80000,0x00000000d5b80000,0x00000000d5c80000)
 ParOldGen       total 204800K, used 204680K [0x0000000080000000, 0x000000008c800000, 0x00000000d5580000)
  object space 204800K, 99% used [0x0000000080000000,0x000000008c7e2318,0x000000008c800000)
 Metaspace       used 70141K, committed 71680K, reserved 1114112K
  class space    used 7053K, committed 7744K, reserved 1048576K
}

